Determining if the pthread_create exist failed with the following output:
Change Dir: /home/robond/workspace/Project3/catkin_ws/build/CMakeFiles/CMakeTmp

Run Build Command:"/usr/bin/make" "cmTC_8bcbd/fast"
/usr/bin/make -f CMakeFiles/cmTC_8bcbd.dir/build.make CMakeFiles/cmTC_8bcbd.dir/build
make[1]: Entering directory '/home/robond/workspace/Project3/catkin_ws/build/CMakeFiles/CMakeTmp'
Building C object CMakeFiles/cmTC_8bcbd.dir/CheckSymbolExists.c.o
/usr/bin/cc     -o CMakeFiles/cmTC_8bcbd.dir/CheckSymbolExists.c.o   -c /home/robond/workspace/Project3/catkin_ws/build/CMakeFiles/CMakeTmp/CheckSymbolExists.c
Linking C executable cmTC_8bcbd
/usr/bin/cmake -E cmake_link_script CMakeFiles/cmTC_8bcbd.dir/link.txt --verbose=1
/usr/bin/cc       CMakeFiles/cmTC_8bcbd.dir/CheckSymbolExists.c.o  -o cmTC_8bcbd -rdynamic 
CMakeFiles/cmTC_8bcbd.dir/CheckSymbolExists.c.o: In function `main':
CheckSymbolExists.c:(.text+0x16): undefined reference to `pthread_create'
collect2: error: ld returned 1 exit status
CMakeFiles/cmTC_8bcbd.dir/build.make:97: recipe for target 'cmTC_8bcbd' failed
make[1]: *** [cmTC_8bcbd] Error 1
make[1]: Leaving directory '/home/robond/workspace/Project3/catkin_ws/build/CMakeFiles/CMakeTmp'
Makefile:126: recipe for target 'cmTC_8bcbd/fast' failed
make: *** [cmTC_8bcbd/fast] Error 2

File /home/robond/workspace/Project3/catkin_ws/build/CMakeFiles/CMakeTmp/CheckSymbolExists.c:
/* */
#include <pthread.h>

int main(int argc, char** argv)
{
  (void)argv;
#ifndef pthread_create
  return ((int*)(&pthread_create))[argc];
#else
  (void)argc;
  return 0;
#endif
}

Determining if the function pthread_create exists in the pthreads failed with the following output:
Change Dir: /home/robond/workspace/Project3/catkin_ws/build/CMakeFiles/CMakeTmp

Run Build Command:"/usr/bin/make" "cmTC_110cb/fast"
/usr/bin/make -f CMakeFiles/cmTC_110cb.dir/build.make CMakeFiles/cmTC_110cb.dir/build
make[1]: Entering directory '/home/robond/workspace/Project3/catkin_ws/build/CMakeFiles/CMakeTmp'
Building C object CMakeFiles/cmTC_110cb.dir/CheckFunctionExists.c.o
/usr/bin/cc    -DCHECK_FUNCTION_EXISTS=pthread_create   -o CMakeFiles/cmTC_110cb.dir/CheckFunctionExists.c.o   -c /usr/share/cmake-3.5/Modules/CheckFunctionExists.c
Linking C executable cmTC_110cb
/usr/bin/cmake -E cmake_link_script CMakeFiles/cmTC_110cb.dir/link.txt --verbose=1
/usr/bin/cc   -DCHECK_FUNCTION_EXISTS=pthread_create    CMakeFiles/cmTC_110cb.dir/CheckFunctionExists.c.o  -o cmTC_110cb -rdynamic -lpthreads 
/usr/bin/ld: cannot find -lpthreads
collect2: error: ld returned 1 exit status
CMakeFiles/cmTC_110cb.dir/build.make:97: recipe for target 'cmTC_110cb' failed
make[1]: *** [cmTC_110cb] Error 1
make[1]: Leaving directory '/home/robond/workspace/Project3/catkin_ws/build/CMakeFiles/CMakeTmp'
Makefile:126: recipe for target 'cmTC_110cb/fast' failed
make: *** [cmTC_110cb/fast] Error 2


